<?xml version="1.0" encoding="UTF-8"?>
<coverage generated="1778589714520" clover="3.2.0">
  <project timestamp="1778589714521" name="All files">
    <metrics statements="58" coveredstatements="56" conditionals="34" coveredconditionals="32" methods="12" coveredmethods="11" elements="104" coveredelements="99" complexity="0" loc="58" ncloc="58" packages="4" files="7" classes="7"/>
    <package name="components">
      <metrics statements="22" coveredstatements="20" conditionals="26" coveredconditionals="24" methods="8" coveredmethods="7"/>
      <file name="RepoItem.tsx" path="E:\react-testing-course\src\components\RepoItem.tsx">
        <metrics statements="2" coveredstatements="2" conditionals="6" coveredconditionals="5" methods="1" coveredmethods="1"/>
        <line num="7" count="2" type="stmt"/>
        <line num="21" count="6" type="stmt"/>
      </file>
      <file name="RepoList.tsx" path="E:\react-testing-course\src\components\RepoList.tsx">
        <metrics statements="4" coveredstatements="4" conditionals="2" coveredconditionals="2" methods="2" coveredmethods="2"/>
        <line num="9" count="2" type="cond" truecount="2" falsecount="0"/>
        <line num="10" count="1" type="stmt"/>
        <line num="27" count="1" type="stmt"/>
        <line num="32" count="3" type="stmt"/>
      </file>
      <file name="SearchBar.tsx" path="E:\react-testing-course\src\components\SearchBar.tsx">
        <metrics statements="15" coveredstatements="13" conditionals="12" coveredconditionals="11" methods="4" coveredmethods="3"/>
        <line num="9" count="35" type="stmt"/>
        <line num="10" count="35" type="stmt"/>
        <line num="12" count="35" type="stmt"/>
        <line num="13" count="2" type="stmt"/>
        <line num="14" count="2" type="cond" truecount="2" falsecount="0"/>
        <line num="15" count="1" type="stmt"/>
        <line num="16" count="1" type="stmt"/>
        <line num="18" count="1" type="stmt"/>
        <line num="19" count="1" type="stmt"/>
        <line num="22" count="35" type="stmt"/>
        <line num="23" count="29" type="stmt"/>
        <line num="24" count="29" type="cond" truecount="2" falsecount="0"/>
        <line num="27" count="35" type="stmt"/>
        <line num="54" count="0" type="stmt"/>
        <line num="55" count="0" type="stmt"/>
      </file>
      <file name="UserCard.tsx" path="E:\react-testing-course\src\components\UserCard.tsx">
        <metrics statements="1" coveredstatements="1" conditionals="6" coveredconditionals="6" methods="1" coveredmethods="1"/>
        <line num="9" count="3" type="stmt"/>
      </file>
    </package>
    <package name="hooks">
      <metrics statements="30" coveredstatements="30" conditionals="4" coveredconditionals="4" methods="3" coveredmethods="3"/>
      <file name="useGithubUser.ts" path="E:\react-testing-course\src\hooks\useGithubUser.ts">
        <metrics statements="30" coveredstatements="30" conditionals="4" coveredconditionals="4" methods="3" coveredmethods="3"/>
        <line num="14" count="17" type="stmt"/>
        <line num="15" count="17" type="stmt"/>
        <line num="16" count="17" type="stmt"/>
        <line num="17" count="17" type="stmt"/>
        <line num="19" count="17" type="stmt"/>
        <line num="20" count="5" type="stmt"/>
        <line num="21" count="5" type="stmt"/>
        <line num="22" count="5" type="stmt"/>
        <line num="23" count="5" type="stmt"/>
        <line num="25" count="5" type="stmt"/>
        <line num="26" count="5" type="stmt"/>
        <line num="28" count="4" type="cond" truecount="2" falsecount="0"/>
        <line num="29" count="1" type="stmt"/>
        <line num="30" count="1" type="stmt"/>
        <line num="33" count="3" type="cond" truecount="2" falsecount="0"/>
        <line num="34" count="1" type="stmt"/>
        <line num="35" count="1" type="stmt"/>
        <line num="38" count="2" type="stmt"/>
        <line num="39" count="2" type="stmt"/>
        <line num="41" count="2" type="stmt"/>
        <line num="44" count="2" type="stmt"/>
        <line num="45" count="2" type="stmt"/>
        <line num="47" count="1" type="stmt"/>
        <line num="49" count="5" type="stmt"/>
        <line num="53" count="17" type="stmt"/>
        <line num="54" count="1" type="stmt"/>
        <line num="55" count="1" type="stmt"/>
        <line num="56" count="1" type="stmt"/>
        <line num="57" count="1" type="stmt"/>
        <line num="60" count="17" type="stmt"/>
      </file>
    </package>
    <package name="test">
      <metrics statements="3" coveredstatements="3" conditionals="0" coveredconditionals="0" methods="0" coveredmethods="0"/>
      <file name="mocks.ts" path="E:\react-testing-course\src\test\mocks.ts">
        <metrics statements="3" coveredstatements="3" conditionals="0" coveredconditionals="0" methods="0" coveredmethods="0"/>
        <line num="4" count="4" type="stmt"/>
        <line num="17" count="4" type="stmt"/>
        <line num="30" count="4" type="stmt"/>
      </file>
    </package>
    <package name="utils">
      <metrics statements="3" coveredstatements="3" conditionals="4" coveredconditionals="4" methods="1" coveredmethods="1"/>
      <file name="formatNumber.ts" path="E:\react-testing-course\src\utils\formatNumber.ts">
        <metrics statements="3" coveredstatements="3" conditionals="4" coveredconditionals="4" methods="1" coveredmethods="1"/>
        <line num="2" count="16" type="cond" truecount="2" falsecount="0"/>
        <line num="3" count="15" type="cond" truecount="2" falsecount="0"/>
        <line num="4" count="10" type="stmt"/>
      </file>
    </package>
  </project>
</coverage>
