{"E:\\react-testing-course\\src\\components\\RepoItem.tsx": {"path":"E:\\react-testing-course\\src\\components\\RepoItem.tsx","statementMap":{"0":{"start":{"line":7,"column":48},"end":{"line":18,"column":null}},"1":{"start":{"line":21,"column":2},"end":{"line":73,"column":null}}},"fnMap":{"0":{"name":"RepoItem","decl":{"start":{"line":20,"column":24},"end":{"line":20,"column":33}},"loc":{"start":{"line":20,"column":50},"end":{"line":73,"column":null}},"line":20}},"branchMap":{"0":{"loc":{"start":{"line":43,"column":7},"end":{"line":48,"column":null}},"type":"cond-expr","locations":[{"start":{"line":44,"column":8},"end":{"line":46,"column":9}},{"start":{"line":46,"column":8},"end":{"line":48,"column":null}}],"line":43},"1":{"loc":{"start":{"line":52,"column":9},"end":{"line":63,"column":9}},"type":"binary-expr","locations":[{"start":{"line":52,"column":9},"end":{"line":52,"column":null}},{"start":{"line":53,"column":10},"end":{"line":63,"column":9}}],"line":52},"2":{"loc":{"start":{"line":57,"column":33},"end":{"line":57,"column":null}},"type":"binary-expr","locations":[{"start":{"line":57,"column":33},"end":{"line":57,"column":67}},{"start":{"line":57,"column":67},"end":{"line":57,"column":null}}],"line":57}},"s":{"0":2,"1":6},"f":{"0":6},"b":{"0":[3,3],"1":[6,3],"2":[3,0]},"meta":{"lastBranch":3,"lastFunction":1,"lastStatement":2,"seen":{"s:7:48:18:Infinity":0,"f:20:24:20:33":0,"s:21:2:73:Infinity":1,"b:44:8:46:9:46:8:48:Infinity":0,"b:52:9:52:Infinity:53:10:63:9":1,"b:57:33:57:67:57:67:57:Infinity":2}}}
,"E:\\react-testing-course\\src\\components\\RepoList.tsx": {"path":"E:\\react-testing-course\\src\\components\\RepoList.tsx","statementMap":{"0":{"start":{"line":9,"column":2},"end":{"line":22,"column":null}},"1":{"start":{"line":10,"column":4},"end":{"line":22,"column":null}},"2":{"start":{"line":27,"column":2},"end":{"line":34,"column":null}},"3":{"start":{"line":32,"column":10},"end":{"line":32,"column":null}}},"fnMap":{"0":{"name":"RepoList","decl":{"start":{"line":8,"column":24},"end":{"line":8,"column":33}},"loc":{"start":{"line":8,"column":51},"end":{"line":34,"column":null}},"line":8},"1":{"name":"(anonymous_1)","decl":{"start":{"line":31,"column":15},"end":{"line":31,"column":20}},"loc":{"start":{"line":32,"column":10},"end":{"line":32,"column":null}},"line":32}},"branchMap":{"0":{"loc":{"start":{"line":9,"column":2},"end":{"line":22,"column":null}},"type":"if","locations":[{"start":{"line":9,"column":2},"end":{"line":22,"column":null}},{"start":{},"end":{}}],"line":9}},"s":{"0":2,"1":1,"2":1,"3":3},"f":{"0":2,"1":3},"b":{"0":[1,1]},"meta":{"lastBranch":1,"lastFunction":2,"lastStatement":4,"seen":{"f:8:24:8:33":0,"b:9:2:22:Infinity:undefined:undefined:undefined:undefined":0,"s:9:2:22:Infinity":0,"s:10:4:22:Infinity":1,"s:27:2:34:Infinity":2,"f:31:15:31:20":1,"s:32:10:32:Infinity":3}}}
,"E:\\react-testing-course\\src\\components\\SearchBar.tsx": {"path":"E:\\react-testing-course\\src\\components\\SearchBar.tsx","statementMap":{"0":{"start":{"line":9,"column":16},"end":{"line":9,"column":40}},"1":{"start":{"line":10,"column":26},"end":{"line":10,"column":60}},"2":{"start":{"line":12,"column":8},"end":{"line":19,"column":null}},"3":{"start":{"line":13,"column":4},"end":{"line":13,"column":null}},"4":{"start":{"line":14,"column":4},"end":{"line":16,"column":null}},"5":{"start":{"line":15,"column":6},"end":{"line":15,"column":null}},"6":{"start":{"line":16,"column":6},"end":{"line":16,"column":null}},"7":{"start":{"line":18,"column":4},"end":{"line":18,"column":null}},"8":{"start":{"line":19,"column":4},"end":{"line":19,"column":null}},"9":{"start":{"line":22,"column":8},"end":{"line":24,"column":null}},"10":{"start":{"line":23,"column":4},"end":{"line":23,"column":null}},"11":{"start":{"line":24,"column":4},"end":{"line":24,"column":null}},"12":{"start":{"line":24,"column":25},"end":{"line":24,"column":null}},"13":{"start":{"line":27,"column":2},"end":{"line":75,"column":null}},"14":{"start":{"line":54,"column":14},"end":{"line":54,"column":null}},"15":{"start":{"line":55,"column":14},"end":{"line":55,"column":null}}},"fnMap":{"0":{"name":"SearchBar","decl":{"start":{"line":8,"column":24},"end":{"line":8,"column":34}},"loc":{"start":{"line":8,"column":64},"end":{"line":75,"column":null}},"line":8},"1":{"name":"(anonymous_1)","decl":{"start":{"line":12,"column":8},"end":{"line":12,"column":24}},"loc":{"start":{"line":12,"column":47},"end":{"line":19,"column":null}},"line":12},"2":{"name":"(anonymous_2)","decl":{"start":{"line":22,"column":8},"end":{"line":22,"column":24}},"loc":{"start":{"line":22,"column":67},"end":{"line":24,"column":null}},"line":22},"3":{"name":"(anonymous_3)","decl":{"start":{"line":53,"column":12},"end":{"line":53,"column":27}},"loc":{"start":{"line":53,"column":27},"end":{"line":55,"column":null}},"line":53}},"branchMap":{"0":{"loc":{"start":{"line":14,"column":4},"end":{"line":16,"column":null}},"type":"if","locations":[{"start":{"line":14,"column":4},"end":{"line":16,"column":null}},{"start":{},"end":{}}],"line":14},"1":{"loc":{"start":{"line":24,"column":4},"end":{"line":24,"column":null}},"type":"if","locations":[{"start":{"line":24,"column":4},"end":{"line":24,"column":null}},{"start":{},"end":{}}],"line":24},"2":{"loc":{"start":{"line":46,"column":37},"end":{"line":46,"column":null}},"type":"cond-expr","locations":[{"start":{"line":46,"column":55},"end":{"line":46,"column":71}},{"start":{"line":46,"column":71},"end":{"line":46,"column":null}}],"line":46},"3":{"loc":{"start":{"line":49,"column":9},"end":{"line":60,"column":null}},"type":"binary-expr","locations":[{"start":{"line":49,"column":9},"end":{"line":49,"column":null}},{"start":{"line":50,"column":10},"end":{"line":60,"column":null}}],"line":49},"4":{"loc":{"start":{"line":62,"column":9},"end":{"line":65,"column":null}},"type":"binary-expr","locations":[{"start":{"line":62,"column":9},"end":{"line":62,"column":null}},{"start":{"line":63,"column":10},"end":{"line":65,"column":null}}],"line":62},"5":{"loc":{"start":{"line":74,"column":9},"end":{"line":74,"column":null}},"type":"cond-expr","locations":[{"start":{"line":74,"column":19},"end":{"line":74,"column":null}},{"start":{"line":74,"column":50},"end":{"line":74,"column":null}}],"line":74}},"s":{"0":35,"1":35,"2":35,"3":2,"4":2,"5":1,"6":1,"7":1,"8":1,"9":35,"10":29,"11":29,"12":1,"13":35,"14":0,"15":0},"f":{"0":35,"1":2,"2":29,"3":0},"b":{"0":[1,1],"1":[1,28],"2":[1,34],"3":[35,30],"4":[35,1],"5":[0,35]},"meta":{"lastBranch":6,"lastFunction":4,"lastStatement":16,"seen":{"f:8:24:8:34":0,"s:9:16:9:40":0,"s:10:26:10:60":1,"s:12:8:19:Infinity":2,"f:12:8:12:24":1,"s:13:4:13:Infinity":3,"b:14:4:16:Infinity:undefined:undefined:undefined:undefined":0,"s:14:4:16:Infinity":4,"s:15:6:15:Infinity":5,"s:16:6:16:Infinity":6,"s:18:4:18:Infinity":7,"s:19:4:19:Infinity":8,"s:22:8:24:Infinity":9,"f:22:8:22:24":2,"s:23:4:23:Infinity":10,"b:24:4:24:Infinity:undefined:undefined:undefined:undefined":1,"s:24:4:24:Infinity":11,"s:24:25:24:Infinity":12,"s:27:2:75:Infinity":13,"b:46:55:46:71:46:71:46:Infinity":2,"b:49:9:49:Infinity:50:10:60:Infinity":3,"f:53:12:53:27":3,"s:54:14:54:Infinity":14,"s:55:14:55:Infinity":15,"b:62:9:62:Infinity:63:10:65:Infinity":4,"b:74:19:74:Infinity:74:50:74:Infinity":5}}}
,"E:\\react-testing-course\\src\\components\\UserCard.tsx": {"path":"E:\\react-testing-course\\src\\components\\UserCard.tsx","statementMap":{"0":{"start":{"line":9,"column":2},"end":{"line":57,"column":null}}},"fnMap":{"0":{"name":"UserCard","decl":{"start":{"line":8,"column":24},"end":{"line":8,"column":33}},"loc":{"start":{"line":8,"column":50},"end":{"line":57,"column":null}},"line":8}},"branchMap":{"0":{"loc":{"start":{"line":18,"column":11},"end":{"line":18,"column":null}},"type":"binary-expr","locations":[{"start":{"line":18,"column":11},"end":{"line":18,"column":24}},{"start":{"line":18,"column":24},"end":{"line":18,"column":null}}],"line":18},"1":{"loc":{"start":{"line":27,"column":11},"end":{"line":27,"column":null}},"type":"binary-expr","locations":[{"start":{"line":27,"column":11},"end":{"line":27,"column":23}},{"start":{"line":27,"column":23},"end":{"line":27,"column":null}}],"line":27},"2":{"loc":{"start":{"line":28,"column":11},"end":{"line":40,"column":null}},"type":"binary-expr","locations":[{"start":{"line":28,"column":11},"end":{"line":28,"column":null}},{"start":{"line":29,"column":12},"end":{"line":40,"column":null}}],"line":28}},"s":{"0":3},"f":{"0":3},"b":{"0":[3,2],"1":[3,2],"2":[3,2]},"meta":{"lastBranch":3,"lastFunction":1,"lastStatement":1,"seen":{"f:8:24:8:33":0,"s:9:2:57:Infinity":0,"b:18:11:18:24:18:24:18:Infinity":0,"b:27:11:27:23:27:23:27:Infinity":1,"b:28:11:28:Infinity:29:12:40:Infinity":2}}}
,"E:\\react-testing-course\\src\\hooks\\useGithubUser.ts": {"path":"E:\\react-testing-course\\src\\hooks\\useGithubUser.ts","statementMap":{"0":{"start":{"line":14,"column":15},"end":{"line":14,"column":59}},"1":{"start":{"line":15,"column":16},"end":{"line":15,"column":54}},"2":{"start":{"line":16,"column":18},"end":{"line":16,"column":47}},"3":{"start":{"line":17,"column":16},"end":{"line":17,"column":57}},"4":{"start":{"line":19,"column":21},"end":{"line":49,"column":null}},"5":{"start":{"line":20,"column":4},"end":{"line":20,"column":null}},"6":{"start":{"line":21,"column":4},"end":{"line":21,"column":null}},"7":{"start":{"line":22,"column":4},"end":{"line":22,"column":null}},"8":{"start":{"line":23,"column":4},"end":{"line":23,"column":null}},"9":{"start":{"line":25,"column":4},"end":{"line":49,"column":null}},"10":{"start":{"line":26,"column":22},"end":{"line":26,"column":77}},"11":{"start":{"line":28,"column":6},"end":{"line":30,"column":null}},"12":{"start":{"line":29,"column":8},"end":{"line":29,"column":null}},"13":{"start":{"line":30,"column":8},"end":{"line":30,"column":null}},"14":{"start":{"line":33,"column":6},"end":{"line":35,"column":null}},"15":{"start":{"line":34,"column":8},"end":{"line":34,"column":null}},"16":{"start":{"line":35,"column":8},"end":{"line":35,"column":null}},"17":{"start":{"line":38,"column":35},"end":{"line":38,"column":55}},"18":{"start":{"line":39,"column":6},"end":{"line":39,"column":null}},"19":{"start":{"line":41,"column":23},"end":{"line":42,"column":null}},"20":{"start":{"line":44,"column":38},"end":{"line":44,"column":59}},"21":{"start":{"line":45,"column":6},"end":{"line":45,"column":null}},"22":{"start":{"line":47,"column":6},"end":{"line":47,"column":null}},"23":{"start":{"line":49,"column":6},"end":{"line":49,"column":null}},"24":{"start":{"line":53,"column":8},"end":{"line":57,"column":null}},"25":{"start":{"line":54,"column":4},"end":{"line":54,"column":null}},"26":{"start":{"line":55,"column":4},"end":{"line":55,"column":null}},"27":{"start":{"line":56,"column":4},"end":{"line":56,"column":null}},"28":{"start":{"line":57,"column":4},"end":{"line":57,"column":null}},"29":{"start":{"line":60,"column":2},"end":{"line":60,"column":null}}},"fnMap":{"0":{"name":"useGithubUser","decl":{"start":{"line":13,"column":16},"end":{"line":13,"column":53}},"loc":{"start":{"line":13,"column":53},"end":{"line":60,"column":null}},"line":13},"1":{"name":"(anonymous_1)","decl":{"start":{"line":19,"column":21},"end":{"line":19,"column":28}},"loc":{"start":{"line":19,"column":49},"end":{"line":49,"column":null}},"line":19},"2":{"name":"(anonymous_2)","decl":{"start":{"line":53,"column":8},"end":{"line":53,"column":22}},"loc":{"start":{"line":53,"column":22},"end":{"line":57,"column":null}},"line":53}},"branchMap":{"0":{"loc":{"start":{"line":28,"column":6},"end":{"line":30,"column":null}},"type":"if","locations":[{"start":{"line":28,"column":6},"end":{"line":30,"column":null}},{"start":{},"end":{}}],"line":28},"1":{"loc":{"start":{"line":33,"column":6},"end":{"line":35,"column":null}},"type":"if","locations":[{"start":{"line":33,"column":6},"end":{"line":35,"column":null}},{"start":{},"end":{}}],"line":33}},"s":{"0":17,"1":17,"2":17,"3":17,"4":17,"5":5,"6":5,"7":5,"8":5,"9":5,"10":5,"11":4,"12":1,"13":1,"14":3,"15":1,"16":1,"17":2,"18":2,"19":2,"20":2,"21":2,"22":1,"23":5,"24":17,"25":1,"26":1,"27":1,"28":1,"29":17},"f":{"0":17,"1":5,"2":1},"b":{"0":[1,3],"1":[1,2]},"meta":{"lastBranch":2,"lastFunction":3,"lastStatement":30,"seen":{"f:13:16:13:53":0,"s:14:15:14:59":0,"s:15:16:15:54":1,"s:16:18:16:47":2,"s:17:16:17:57":3,"s:19:21:49:Infinity":4,"f:19:21:19:28":1,"s:20:4:20:Infinity":5,"s:21:4:21:Infinity":6,"s:22:4:22:Infinity":7,"s:23:4:23:Infinity":8,"s:25:4:49:Infinity":9,"s:26:22:26:77":10,"b:28:6:30:Infinity:undefined:undefined:undefined:undefined":0,"s:28:6:30:Infinity":11,"s:29:8:29:Infinity":12,"s:30:8:30:Infinity":13,"b:33:6:35:Infinity:undefined:undefined:undefined:undefined":1,"s:33:6:35:Infinity":14,"s:34:8:34:Infinity":15,"s:35:8:35:Infinity":16,"s:38:35:38:55":17,"s:39:6:39:Infinity":18,"s:41:23:42:Infinity":19,"s:44:38:44:59":20,"s:45:6:45:Infinity":21,"s:47:6:47:Infinity":22,"s:49:6:49:Infinity":23,"s:53:8:57:Infinity":24,"f:53:8:53:22":2,"s:54:4:54:Infinity":25,"s:55:4:55:Infinity":26,"s:56:4:56:Infinity":27,"s:57:4:57:Infinity":28,"s:60:2:60:Infinity":29}}}
,"E:\\react-testing-course\\src\\test\\mocks.ts": {"path":"E:\\react-testing-course\\src\\test\\mocks.ts","statementMap":{"0":{"start":{"line":4,"column":36},"end":{"line":14,"column":null}},"1":{"start":{"line":17,"column":43},"end":{"line":27,"column":null}},"2":{"start":{"line":30,"column":39},"end":{"line":56,"column":null}}},"fnMap":{},"branchMap":{},"s":{"0":4,"1":4,"2":4},"f":{},"b":{},"meta":{"lastBranch":0,"lastFunction":0,"lastStatement":3,"seen":{"s:4:36:14:Infinity":0,"s:17:43:27:Infinity":1,"s:30:39:56:Infinity":2}}}
,"E:\\react-testing-course\\src\\utils\\formatNumber.ts": {"path":"E:\\react-testing-course\\src\\utils\\formatNumber.ts","statementMap":{"0":{"start":{"line":2,"column":2},"end":{"line":2,"column":null}},"1":{"start":{"line":2,"column":24},"end":{"line":2,"column":null}},"2":{"start":{"line":3,"column":2},"end":{"line":3,"column":null}},"3":{"start":{"line":3,"column":20},"end":{"line":3,"column":null}},"4":{"start":{"line":4,"column":2},"end":{"line":4,"column":null}}},"fnMap":{"0":{"name":"formatNumber","decl":{"start":{"line":1,"column":16},"end":{"line":1,"column":29}},"loc":{"start":{"line":1,"column":50},"end":{"line":4,"column":null}},"line":1}},"branchMap":{"0":{"loc":{"start":{"line":2,"column":2},"end":{"line":2,"column":null}},"type":"if","locations":[{"start":{"line":2,"column":2},"end":{"line":2,"column":null}},{"start":{},"end":{}}],"line":2},"1":{"loc":{"start":{"line":3,"column":2},"end":{"line":3,"column":null}},"type":"if","locations":[{"start":{"line":3,"column":2},"end":{"line":3,"column":null}},{"start":{},"end":{}}],"line":3}},"s":{"0":16,"1":1,"2":15,"3":15,"4":10},"f":{"0":16},"b":{"0":[1,15],"1":[5,10]},"meta":{"lastBranch":2,"lastFunction":1,"lastStatement":5,"seen":{"f:1:16:1:29":0,"b:2:2:2:Infinity:undefined:undefined:undefined:undefined":0,"s:2:2:2:Infinity":0,"s:2:24:2:Infinity":1,"b:3:2:3:Infinity:undefined:undefined:undefined:undefined":1,"s:3:2:3:Infinity":2,"s:3:20:3:Infinity":3,"s:4:2:4:Infinity":4}}}
}
